<?xml version="1.0" encoding="UTF-8"?>
<!-- Generated by org.testng.reporters.JUnitReportReporter -->
<testsuite name="com.training.sanity.tests.W3_AddNewUsersTests" tests="4" time="25.229" ignored="0" failures="0" timestamp="01 Mar 2019 12:06:22 GMT" skipped="0" hostname="DESKTOP-NH7DCM2" errors="0">
  <testcase name="addUsers" time="7.471" classname="com.training.sanity.tests.W3_AddNewUsersTests"/>
  <testcase name="addUsers" time="6.140" classname="com.training.sanity.tests.W3_AddNewUsersTests"/>
  <testcase name="addUsers" time="7.598" classname="com.training.sanity.tests.W3_AddNewUsersTests"/>
  <testcase name="validLoginTest" time="4.020" classname="com.training.sanity.tests.W3_AddNewUsersTests"/>
</testsuite> <!-- com.training.sanity.tests.W3_AddNewUsersTests -->
