<?xml version="1.0" encoding="UTF-8"?>
<!-- Generated by org.testng.reporters.JUnitReportReporter -->
<testsuite name="com.training.sanity.tests.W3_AddNewFeatTests" tests="4" time="19.649" ignored="0" failures="0" timestamp="05 Mar 2019 07:36:41 GMT" skipped="0" hostname="DESKTOP-NH7DCM2" errors="0">
  <testcase name="addUsers" time="5.671" classname="com.training.sanity.tests.W3_AddNewFeatTests"/>
  <testcase name="validLoginTest" time="2.520" classname="com.training.sanity.tests.W3_AddNewFeatTests"/>
  <testcase name="addUsers" time="5.703" classname="com.training.sanity.tests.W3_AddNewFeatTests"/>
  <testcase name="addUsers" time="5.755" classname="com.training.sanity.tests.W3_AddNewFeatTests"/>
</testsuite> <!-- com.training.sanity.tests.W3_AddNewFeatTests -->
