<?xml version="1.0" encoding="UTF-8"?>
<!-- Generated by org.testng.reporters.JUnitReportReporter -->
<testsuite name="com.training.sanity.tests.AddNewPostTests" tests="3" time="23.843" ignored="0" failures="0" timestamp="14 Feb 2019 10:51:55 GMT" skipped="0" hostname="DESKTOP-NH7DCM2" errors="0">
  <testcase name="textValidation" time="5.523" classname="com.training.sanity.tests.AddNewPostTests"/>
  <testcase name="publishPosts" time="10.849" classname="com.training.sanity.tests.AddNewPostTests"/>
  <testcase name="validLoginTest" time="7.471" classname="com.training.sanity.tests.AddNewPostTests"/>
</testsuite> <!-- com.training.sanity.tests.AddNewPostTests -->
