<?xml version="1.0" encoding="UTF-8"?>
<!-- Generated by org.testng.reporters.JUnitReportReporter -->
<testsuite name="com.training.sanity.tests.W2_AddNewFeatTests" tests="3" time="22.669" ignored="0" failures="0" timestamp="21 Feb 2019 12:05:52 GMT" skipped="0" hostname="DESKTOP-NH7DCM2" errors="0">
  <testcase name="textValidation" time="4.198" classname="com.training.sanity.tests.W2_AddNewFeatTests"/>
  <testcase name="publishPropTest" time="12.361" classname="com.training.sanity.tests.W2_AddNewFeatTests"/>
  <testcase name="validLoginTest" time="6.110" classname="com.training.sanity.tests.W2_AddNewFeatTests"/>
</testsuite> <!-- com.training.sanity.tests.W2_AddNewFeatTests -->
