<?xml version="1.0" encoding="UTF-8"?>
<!-- Generated by org.testng.reporters.JUnitReportReporter -->
<testsuite name="com.training.sanity.tests.LoginRealEstateTests" tests="1" time="34.099" ignored="0" failures="0" timestamp="13 Feb 2019 11:10:38 GMT" skipped="0" hostname="DESKTOP-NH7DCM2" errors="0">
  <testcase name="validLoginTest" time="34.099" classname="com.training.sanity.tests.LoginRealEstateTests"/>
</testsuite> <!-- com.training.sanity.tests.LoginRealEstateTests -->
