<?xml version="1.0" encoding="UTF-8"?>
<!-- Generated by org.testng.reporters.JUnitReportReporter -->
<testsuite name="com.training.sanity.tests.W3_AddNewUsersDbTests" tests="2" time="11.633" ignored="0" failures="0" timestamp="06 Mar 2019 13:28:29 GMT" skipped="0" hostname="DESKTOP-NH7DCM2" errors="0">
  <testcase name="createNewUser" time="8.623" classname="com.training.sanity.tests.W3_AddNewUsersDbTests"/>
  <testcase name="validLoginTest" time="3.010" classname="com.training.sanity.tests.W3_AddNewUsersDbTests"/>
</testsuite> <!-- com.training.sanity.tests.W3_AddNewUsersDbTests -->
