<?xml version="1.0" encoding="UTF-8"?>
<!-- Generated by org.testng.reporters.JUnitReportReporter -->
<testsuite name="com.training.sanity.tests.AddNewTagTests" tests="3" time="9.950" ignored="0" failures="0" timestamp="14 Feb 2019 12:38:09 GMT" skipped="0" hostname="DESKTOP-NH7DCM2" errors="0">
  <testcase name="publishCatgTest" time="5.730" classname="com.training.sanity.tests.AddNewTagTests"/>
  <testcase name="catgValidation" time="0.097" classname="com.training.sanity.tests.AddNewTagTests"/>
  <testcase name="validLoginTest" time="4.123" classname="com.training.sanity.tests.AddNewTagTests"/>
</testsuite> <!-- com.training.sanity.tests.AddNewTagTests -->
