<?xml version="1.0" encoding="UTF-8"?>
<!-- Generated by org.testng.reporters.JUnitReportReporter -->
<testsuite name="com.training.sanity.tests.DelAddedCatTests" tests="3" time="12.333" ignored="0" failures="0" timestamp="14 Feb 2019 12:15:56 GMT" skipped="0" hostname="DESKTOP-NH7DCM2" errors="0">
  <testcase name="textValidation" time="0.054" classname="com.training.sanity.tests.DelAddedCatTests"/>
  <testcase name="deleteCatgTest" time="7.934" classname="com.training.sanity.tests.DelAddedCatTests"/>
  <testcase name="validLoginTest" time="4.345" classname="com.training.sanity.tests.DelAddedCatTests"/>
</testsuite> <!-- com.training.sanity.tests.DelAddedCatTests -->
