<?xml version="1.0" encoding="UTF-8"?>
<!-- Generated by org.testng.reporters.JUnitReportReporter -->
<testsuite name="com.training.sanity.tests.AddNewCatTests" tests="3" time="10.970" ignored="0" failures="0" timestamp="14 Feb 2019 12:39:07 GMT" skipped="0" hostname="DESKTOP-NH7DCM2" errors="0">
  <testcase name="publishCatgTest" time="5.296" classname="com.training.sanity.tests.AddNewCatTests"/>
  <testcase name="catgValidation" time="0.106" classname="com.training.sanity.tests.AddNewCatTests"/>
  <testcase name="validLoginTest" time="5.568" classname="com.training.sanity.tests.AddNewCatTests"/>
</testsuite> <!-- com.training.sanity.tests.AddNewCatTests -->
