<?xml version="1.0" encoding="UTF-8"?>
<!-- Generated by org.testng.reporters.JUnitReportReporter -->
<testsuite name="com.training.sanity.tests.MoveToTrashTests2" tests="2" time="14.879" ignored="0" failures="0" timestamp="14 Feb 2019 04:35:44 GMT" skipped="0" hostname="DESKTOP-NH7DCM2" errors="0">
  <testcase name="deletePosts" time="7.253" classname="com.training.sanity.tests.MoveToTrashTests2"/>
  <testcase name="validLoginTest" time="7.626" classname="com.training.sanity.tests.MoveToTrashTests2"/>
</testsuite> <!-- com.training.sanity.tests.MoveToTrashTests2 -->
