<?xml version="1.0" encoding="UTF-8"?>
<!-- Generated by org.testng.reporters.JUnitReportReporter -->
<testsuite name="com.training.sanity.tests.testKiran" tests="1" time="0.015" ignored="0" failures="0" timestamp="26 Feb 2019 12:33:43 GMT" skipped="0" hostname="DESKTOP-NH7DCM2" errors="0">
  <testcase name="testKiran" time="0.015" classname="com.training.sanity.tests.testKiran"/>
</testsuite> <!-- com.training.sanity.tests.testKiran -->
