<?xml version="1.0" encoding="UTF-8"?>
<!-- Generated by org.testng.reporters.JUnitReportReporter -->
<testsuite name="com.training.sanity.tests.MoveToTrashTests" tests="3" time="12.225" ignored="0" failures="0" timestamp="14 Feb 2019 10:36:02 GMT" skipped="0" hostname="DESKTOP-NH7DCM2" errors="0">
  <testcase name="textValidation" time="0.053" classname="com.training.sanity.tests.MoveToTrashTests"/>
  <testcase name="deletePosts" time="6.443" classname="com.training.sanity.tests.MoveToTrashTests"/>
  <testcase name="validLoginTest" time="5.729" classname="com.training.sanity.tests.MoveToTrashTests"/>
</testsuite> <!-- com.training.sanity.tests.MoveToTrashTests -->
