<?xml version="1.0" encoding="UTF-8"?>
<!-- Generated by org.testng.reporters.JUnitReportReporter -->
<testsuite name="com.training.sanity.tests.W3_AddNewUsersErrorValidationTests" tests="4" time="25.414" ignored="0" failures="0" timestamp="03 Mar 2019 13:54:40 GMT" skipped="0" hostname="DESKTOP-NH7DCM2" errors="0">
  <testcase name="addUsers" time="4.506" classname="com.training.sanity.tests.W3_AddNewUsersErrorValidationTests"/>
  <testcase name="validLoginTest" time="5.225" classname="com.training.sanity.tests.W3_AddNewUsersErrorValidationTests"/>
  <testcase name="addUsers" time="11.451" classname="com.training.sanity.tests.W3_AddNewUsersErrorValidationTests"/>
  <testcase name="addUsers" time="4.232" classname="com.training.sanity.tests.W3_AddNewUsersErrorValidationTests"/>
</testsuite> <!-- com.training.sanity.tests.W3_AddNewUsersErrorValidationTests -->
